This file contains any messages produced by compilers while
running configure, to aid debugging if configure makes a mistake.

It was created by libusbmuxd configure 2.0.3, which was
generated by GNU Autoconf 2.69.  Invocation command line was

  $ ./configure 

## --------- ##
## Platform. ##
## --------- ##

hostname = private-test-Catalina
uname -m = x86_64
uname -r = 19.0.0
uname -s = Darwin
uname -v = Darwin Kernel Version 19.0.0: Thu Oct 17 16:17:15 PDT 2019; root:xnu-6153.41.3~29/RELEASE_X86_64

/usr/bin/uname -p = i386
/bin/uname -X     = unknown

/bin/arch              = unknown
/usr/bin/arch -k       = unknown
/usr/convex/getsysinfo = unknown
/usr/bin/hostinfo      = Mach kernel version:
	 Darwin Kernel Version 19.0.0: Thu Oct 17 16:17:15 PDT 2019; root:xnu-6153.41.3~29/RELEASE_X86_64
Kernel configured for up to 4 processors.
2 processors are physically available.
4 processors are logically available.
Processor type: x86_64h (Intel x86-64h Haswell)
Processors active: 0 1 2 3
Primary memory available: 8.00 gigabytes
Default processor set: 441 tasks, 1660 threads, 4 processors
Load average: 4.20, Mach factor: 1.23
/bin/machine           = unknown
/usr/bin/oslevel       = unknown
/bin/universe          = unknown

PATH: /Users/radmin/.npm-packages/bin
PATH: /usr/local/opt/node@10/bin
PATH: /usr/local/bin
PATH: /usr/bin
PATH: /bin
PATH: /usr/sbin
PATH: /sbin
PATH: /Users/radmin/build/android/tools
PATH: /Users/radmin/build/android/platform-tools


## ----------- ##
## Core tests. ##
## ----------- ##

configure:2535: checking for a BSD-compatible install
configure:2603: result: /usr/local/bin/ginstall -c
configure:2614: checking whether build environment is sane
configure:2669: result: yes
configure:2820: checking for a thread-safe mkdir -p
configure:2859: result: /usr/local/bin/gmkdir -p
configure:2866: checking for gawk
configure:2896: result: no
configure:2866: checking for mawk
configure:2896: result: no
configure:2866: checking for nawk
configure:2896: result: no
configure:2866: checking for awk
configure:2882: found /usr/bin/awk
configure:2893: result: awk
configure:2904: checking whether make sets $(MAKE)
configure:2926: result: yes
configure:2955: checking whether make supports nested variables
configure:2972: result: yes
configure:3109: checking whether make supports nested variables
configure:3126: result: yes
configure:3159: checking whether make supports the include directive
configure:3174: make -f confmf.GNU && cat confinc.out
this is the am__doit target
configure:3177: $? = 0
configure:3196: result: yes (GNU style)
configure:3266: checking for gcc
configure:3282: found /usr/bin/gcc
configure:3293: result: gcc
configure:3522: checking for C compiler version
configure:3531: gcc --version >&5
Apple clang version 11.0.0 (clang-1100.0.33.17)
Target: x86_64-apple-darwin19.0.0
Thread model: posix
InstalledDir: /Applications/Xcode_11.3.1.app/Contents/Developer/Toolchains/XcodeDefault.xctoolchain/usr/bin
Configured with: --prefix=/Applications/Xcode_11.3.1.app/Contents/Developer/usr --with-gxx-include-dir=/Applications/Xcode_11.3.1.app/Contents/Developer/Platforms/MacOSX.platform/Developer/SDKs/MacOSX.sdk/usr/include/c++/4.2.1
configure:3542: $? = 0
configure:3531: gcc -v >&5
Configured with: --prefix=/Applications/Xcode_11.3.1.app/Contents/Developer/usr --with-gxx-include-dir=/Applications/Xcode_11.3.1.app/Contents/Developer/Platforms/MacOSX.platform/Developer/SDKs/MacOSX.sdk/usr/include/c++/4.2.1
Apple clang version 11.0.0 (clang-1100.0.33.17)
Target: x86_64-apple-darwin19.0.0
Thread model: posix
InstalledDir: /Applications/Xcode_11.3.1.app/Contents/Developer/Toolchains/XcodeDefault.xctoolchain/usr/bin
configure:3542: $? = 0
configure:3531: gcc -V >&5
clang: error: unsupported option '-V -Wno-framework-include-private-from-public'
clang: error: no input files
configure:3542: $? = 1
configure:3531: gcc -qversion >&5
clang: error: unknown argument '-qversion', did you mean '--version'?
clang: error: no input files
configure:3542: $? = 1
configure:3562: checking whether the C compiler works
configure:3584: gcc    conftest.c  >&5
configure:3588: $? = 0
configure:3636: result: yes
configure:3639: checking for C compiler default output file name
configure:3641: result: a.out
configure:3647: checking for suffix of executables
configure:3654: gcc -o conftest    conftest.c  >&5
configure:3658: $? = 0
configure:3680: result: 
configure:3702: checking whether we are cross compiling
configure:3710: gcc -o conftest    conftest.c  >&5
configure:3714: $? = 0
configure:3721: ./conftest
configure:3725: $? = 0
configure:3740: result: no
configure:3745: checking for suffix of object files
configure:3767: gcc -c   conftest.c >&5
configure:3771: $? = 0
configure:3792: result: o
configure:3796: checking whether we are using the GNU C compiler
configure:3815: gcc -c   conftest.c >&5
configure:3815: $? = 0
configure:3824: result: yes
configure:3833: checking whether gcc accepts -g
configure:3853: gcc -c -g  conftest.c >&5
configure:3853: $? = 0
configure:3894: result: yes
configure:3911: checking for gcc option to accept ISO C89
configure:3974: gcc  -c -g -O2  conftest.c >&5
configure:3974: $? = 0
configure:3987: result: none needed
configure:4012: checking whether gcc understands -c and -o together
configure:4034: gcc -c conftest.c -o conftest2.o
configure:4037: $? = 0
configure:4034: gcc -c conftest.c -o conftest2.o
configure:4037: $? = 0
configure:4049: result: yes
configure:4068: checking dependency style of gcc
configure:4179: result: gcc3
configure:4200: checking how to run the C preprocessor
configure:4231: gcc -E  conftest.c
configure:4231: $? = 0
configure:4245: gcc -E  conftest.c
conftest.c:11:10: fatal error: 'ac_nonexistent.h' file not found
#include <ac_nonexistent.h>
         ^~~~~~~~~~~~~~~~~~
1 error generated.
configure:4245: $? = 1
configure: failed program was:
| /* confdefs.h */
| #define PACKAGE_NAME "libusbmuxd"
| #define PACKAGE_TARNAME "libusbmuxd"
| #define PACKAGE_VERSION "2.0.3"
| #define PACKAGE_STRING "libusbmuxd 2.0.3"
| #define PACKAGE_BUGREPORT "https://github.com/libimobiledevice/libusbmuxd/issues"
| #define PACKAGE_URL "https://libimobiledevice.org"
| #define PACKAGE "libusbmuxd"
| #define VERSION "2.0.3"
| /* end confdefs.h.  */
| #include <ac_nonexistent.h>
configure:4270: result: gcc -E
configure:4290: gcc -E  conftest.c
configure:4290: $? = 0
configure:4304: gcc -E  conftest.c
conftest.c:11:10: fatal error: 'ac_nonexistent.h' file not found
#include <ac_nonexistent.h>
         ^~~~~~~~~~~~~~~~~~
1 error generated.
configure:4304: $? = 1
configure: failed program was:
| /* confdefs.h */
| #define PACKAGE_NAME "libusbmuxd"
| #define PACKAGE_TARNAME "libusbmuxd"
| #define PACKAGE_VERSION "2.0.3"
| #define PACKAGE_STRING "libusbmuxd 2.0.3"
| #define PACKAGE_BUGREPORT "https://github.com/libimobiledevice/libusbmuxd/issues"
| #define PACKAGE_URL "https://libimobiledevice.org"
| #define PACKAGE "libusbmuxd"
| #define VERSION "2.0.3"
| /* end confdefs.h.  */
| #include <ac_nonexistent.h>
configure:4333: checking for grep that handles long lines and -e
configure:4391: result: /usr/bin/grep
configure:4396: checking for egrep
configure:4458: result: /usr/bin/grep -E
configure:4463: checking for ANSI C header files
configure:4483: gcc -c -g -O2  conftest.c >&5
configure:4483: $? = 0
configure:4556: gcc -o conftest -g -O2   conftest.c  >&5
configure:4556: $? = 0
configure:4556: ./conftest
configure:4556: $? = 0
configure:4567: result: yes
configure:4580: checking for sys/types.h
configure:4580: gcc -c -g -O2  conftest.c >&5
configure:4580: $? = 0
configure:4580: result: yes
configure:4580: checking for sys/stat.h
configure:4580: gcc -c -g -O2  conftest.c >&5
configure:4580: $? = 0
configure:4580: result: yes
configure:4580: checking for stdlib.h
configure:4580: gcc -c -g -O2  conftest.c >&5
configure:4580: $? = 0
configure:4580: result: yes
configure:4580: checking for string.h
configure:4580: gcc -c -g -O2  conftest.c >&5
configure:4580: $? = 0
configure:4580: result: yes
configure:4580: checking for memory.h
configure:4580: gcc -c -g -O2  conftest.c >&5
configure:4580: $? = 0
configure:4580: result: yes
configure:4580: checking for strings.h
configure:4580: gcc -c -g -O2  conftest.c >&5
configure:4580: $? = 0
configure:4580: result: yes
configure:4580: checking for inttypes.h
configure:4580: gcc -c -g -O2  conftest.c >&5
configure:4580: $? = 0
configure:4580: result: yes
configure:4580: checking for stdint.h
configure:4580: gcc -c -g -O2  conftest.c >&5
configure:4580: $? = 0
configure:4580: result: yes
configure:4580: checking for unistd.h
configure:4580: gcc -c -g -O2  conftest.c >&5
configure:4580: $? = 0
configure:4580: result: yes
configure:4593: checking minix/config.h usability
configure:4593: gcc -c -g -O2  conftest.c >&5
conftest.c:54:10: fatal error: 'minix/config.h' file not found
#include <minix/config.h>
         ^~~~~~~~~~~~~~~~
1 error generated.
configure:4593: $? = 1
configure: failed program was:
| /* confdefs.h */
| #define PACKAGE_NAME "libusbmuxd"
| #define PACKAGE_TARNAME "libusbmuxd"
| #define PACKAGE_VERSION "2.0.3"
| #define PACKAGE_STRING "libusbmuxd 2.0.3"
| #define PACKAGE_BUGREPORT "https://github.com/libimobiledevice/libusbmuxd/issues"
| #define PACKAGE_URL "https://libimobiledevice.org"
| #define PACKAGE "libusbmuxd"
| #define VERSION "2.0.3"
| #define STDC_HEADERS 1
| #define HAVE_SYS_TYPES_H 1
| #define HAVE_SYS_STAT_H 1
| #define HAVE_STDLIB_H 1
| #define HAVE_STRING_H 1
| #define HAVE_MEMORY_H 1
| #define HAVE_STRINGS_H 1
| #define HAVE_INTTYPES_H 1
| #define HAVE_STDINT_H 1
| #define HAVE_UNISTD_H 1
| /* end confdefs.h.  */
| #include <stdio.h>
| #ifdef HAVE_SYS_TYPES_H
| # include <sys/types.h>
| #endif
| #ifdef HAVE_SYS_STAT_H
| # include <sys/stat.h>
| #endif
| #ifdef STDC_HEADERS
| # include <stdlib.h>
| # include <stddef.h>
| #else
| # ifdef HAVE_STDLIB_H
| #  include <stdlib.h>
| # endif
| #endif
| #ifdef HAVE_STRING_H
| # if !defined STDC_HEADERS && defined HAVE_MEMORY_H
| #  include <memory.h>
| # endif
| # include <string.h>
| #endif
| #ifdef HAVE_STRINGS_H
| # include <strings.h>
| #endif
| #ifdef HAVE_INTTYPES_H
| # include <inttypes.h>
| #endif
| #ifdef HAVE_STDINT_H
| # include <stdint.h>
| #endif
| #ifdef HAVE_UNISTD_H
| # include <unistd.h>
| #endif
| #include <minix/config.h>
configure:4593: result: no
configure:4593: checking minix/config.h presence
configure:4593: gcc -E  conftest.c
conftest.c:21:10: fatal error: 'minix/config.h' file not found
#include <minix/config.h>
         ^~~~~~~~~~~~~~~~
1 error generated.
configure:4593: $? = 1
configure: failed program was:
| /* confdefs.h */
| #define PACKAGE_NAME "libusbmuxd"
| #define PACKAGE_TARNAME "libusbmuxd"
| #define PACKAGE_VERSION "2.0.3"
| #define PACKAGE_STRING "libusbmuxd 2.0.3"
| #define PACKAGE_BUGREPORT "https://github.com/libimobiledevice/libusbmuxd/issues"
| #define PACKAGE_URL "https://libimobiledevice.org"
| #define PACKAGE "libusbmuxd"
| #define VERSION "2.0.3"
| #define STDC_HEADERS 1
| #define HAVE_SYS_TYPES_H 1
| #define HAVE_SYS_STAT_H 1
| #define HAVE_STDLIB_H 1
| #define HAVE_STRING_H 1
| #define HAVE_MEMORY_H 1
| #define HAVE_STRINGS_H 1
| #define HAVE_INTTYPES_H 1
| #define HAVE_STDINT_H 1
| #define HAVE_UNISTD_H 1
| /* end confdefs.h.  */
| #include <minix/config.h>
configure:4593: result: no
configure:4593: checking for minix/config.h
configure:4593: result: no
configure:4614: checking whether it is safe to define __EXTENSIONS__
configure:4632: gcc -c -g -O2  conftest.c >&5
configure:4632: $? = 0
configure:4639: result: yes
configure:4704: checking for gcc
configure:4731: result: gcc
configure:4960: checking for C compiler version
configure:4969: gcc --version >&5
Apple clang version 11.0.0 (clang-1100.0.33.17)
Target: x86_64-apple-darwin19.0.0
Thread model: posix
InstalledDir: /Applications/Xcode_11.3.1.app/Contents/Developer/Toolchains/XcodeDefault.xctoolchain/usr/bin
Configured with: --prefix=/Applications/Xcode_11.3.1.app/Contents/Developer/usr --with-gxx-include-dir=/Applications/Xcode_11.3.1.app/Contents/Developer/Platforms/MacOSX.platform/Developer/SDKs/MacOSX.sdk/usr/include/c++/4.2.1
configure:4980: $? = 0
configure:4969: gcc -v >&5
Configured with: --prefix=/Applications/Xcode_11.3.1.app/Contents/Developer/usr --with-gxx-include-dir=/Applications/Xcode_11.3.1.app/Contents/Developer/Platforms/MacOSX.platform/Developer/SDKs/MacOSX.sdk/usr/include/c++/4.2.1
Apple clang version 11.0.0 (clang-1100.0.33.17)
Target: x86_64-apple-darwin19.0.0
Thread model: posix
InstalledDir: /Applications/Xcode_11.3.1.app/Contents/Developer/Toolchains/XcodeDefault.xctoolchain/usr/bin
configure:4980: $? = 0
configure:4969: gcc -V >&5
clang: error: unsupported option '-V -Wno-framework-include-private-from-public'
clang: error: no input files
configure:4980: $? = 1
configure:4969: gcc -qversion >&5
clang: error: unknown argument '-qversion', did you mean '--version'?
clang: error: no input files
configure:4980: $? = 1
configure:4984: checking whether we are using the GNU C compiler
configure:5012: result: yes
configure:5021: checking whether gcc accepts -g
configure:5082: result: yes
configure:5099: checking for gcc option to accept ISO C89
configure:5175: result: none needed
configure:5200: checking whether gcc understands -c and -o together
configure:5237: result: yes
configure:5256: checking dependency style of gcc
configure:5367: result: gcc3
configure:5440: checking for g++
configure:5456: found /usr/bin/g++
configure:5467: result: g++
configure:5494: checking for C++ compiler version
configure:5503: g++ --version >&5
Apple clang version 11.0.0 (clang-1100.0.33.17)
Target: x86_64-apple-darwin19.0.0
Thread model: posix
InstalledDir: /Applications/Xcode_11.3.1.app/Contents/Developer/Toolchains/XcodeDefault.xctoolchain/usr/bin
Configured with: --prefix=/Applications/Xcode_11.3.1.app/Contents/Developer/usr --with-gxx-include-dir=/Applications/Xcode_11.3.1.app/Contents/Developer/Platforms/MacOSX.platform/Developer/SDKs/MacOSX.sdk/usr/include/c++/4.2.1
configure:5514: $? = 0
configure:5503: g++ -v >&5
Configured with: --prefix=/Applications/Xcode_11.3.1.app/Contents/Developer/usr --with-gxx-include-dir=/Applications/Xcode_11.3.1.app/Contents/Developer/Platforms/MacOSX.platform/Developer/SDKs/MacOSX.sdk/usr/include/c++/4.2.1
Apple clang version 11.0.0 (clang-1100.0.33.17)
Target: x86_64-apple-darwin19.0.0
Thread model: posix
InstalledDir: /Applications/Xcode_11.3.1.app/Contents/Developer/Toolchains/XcodeDefault.xctoolchain/usr/bin
configure:5514: $? = 0
configure:5503: g++ -V >&5
clang: error: unsupported option '-V -Wno-framework-include-private-from-public'
clang: error: no input files
configure:5514: $? = 1
configure:5503: g++ -qversion >&5
clang: error: unknown argument '-qversion', did you mean '--version'?
clang: error: no input files
configure:5514: $? = 1
configure:5518: checking whether we are using the GNU C++ compiler
configure:5537: g++ -c   conftest.cpp >&5
configure:5537: $? = 0
configure:5546: result: yes
configure:5555: checking whether g++ accepts -g
configure:5575: g++ -c -g  conftest.cpp >&5
configure:5575: $? = 0
configure:5616: result: yes
configure:5641: checking dependency style of g++
configure:5752: result: gcc3
configure:5797: checking build system type
configure:5811: result: x86_64-apple-darwin19.0.0
configure:5831: checking host system type
configure:5844: result: x86_64-apple-darwin19.0.0
configure:5885: checking how to print strings
configure:5912: result: printf
configure:5933: checking for a sed that does not truncate output
configure:5997: result: /usr/bin/sed
configure:6015: checking for fgrep
configure:6077: result: /usr/bin/grep -F
configure:6112: checking for ld used by gcc
configure:6179: result: /Applications/Xcode_11.3.1.app/Contents/Developer/Toolchains/XcodeDefault.xctoolchain/usr/bin/ld
configure:6186: checking if the linker (/Applications/Xcode_11.3.1.app/Contents/Developer/Toolchains/XcodeDefault.xctoolchain/usr/bin/ld) is GNU ld
configure:6201: result: no
configure:6213: checking for BSD- or MS-compatible name lister (nm)
configure:6267: result: /usr/bin/nm -B
configure:6397: checking the name lister (/usr/bin/nm -B) interface
configure:6404: gcc -c -g -O2  conftest.c >&5
configure:6407: /usr/bin/nm -B "conftest.o"
configure:6410: output
0000000000000218 S _some_variable
configure:6417: result: BSD nm
configure:6420: checking whether ln -s works
configure:6424: result: yes
configure:6432: checking the maximum length of command line arguments
configure:6563: result: 196608
configure:6611: checking how to convert x86_64-apple-darwin19.0.0 file names to x86_64-apple-darwin19.0.0 format
configure:6651: result: func_convert_file_noop
configure:6658: checking how to convert x86_64-apple-darwin19.0.0 file names to toolchain format
configure:6678: result: func_convert_file_noop
configure:6685: checking for /Applications/Xcode_11.3.1.app/Contents/Developer/Toolchains/XcodeDefault.xctoolchain/usr/bin/ld option to reload object files
configure:6692: result: -r
configure:6766: checking for objdump
configure:6782: found /usr/bin/objdump
configure:6793: result: objdump
configure:6825: checking how to recognize dependent libraries
configure:7025: result: pass_all
configure:7110: checking for dlltool
configure:7140: result: no
configure:7170: checking how to associate runtime and link libraries
configure:7197: result: printf %s\n
configure:7257: checking for ar
configure:7273: found /usr/bin/ar
configure:7284: result: ar
configure:7321: checking for archiver @FILE support
configure:7338: gcc -c -g -O2  conftest.c >&5
configure:7338: $? = 0
configure:7341: ar cru libconftest.a @conftest.lst >&5
ar: @conftest.lst: No such file or directory
configure:7344: $? = 1
configure:7364: result: no
configure:7422: checking for strip
configure:7438: found /usr/bin/strip
configure:7449: result: strip
configure:7521: checking for ranlib
configure:7537: found /usr/bin/ranlib
configure:7548: result: ranlib
configure:7650: checking command to parse /usr/bin/nm -B output from gcc object
configure:7803: gcc -c -g -O2  conftest.c >&5
configure:7806: $? = 0
configure:7810: /usr/bin/nm -B conftest.o \| sed -n -e 's/^.*[ ]\([BCDEGRST][BCDEGRST]*\)[ ][ ]*\([_A-Za-z][_A-Za-z0-9]*\)$/\1 \2 \2/p' | sed '/ __gnu_lto/d' \> conftest.nm
configure:7813: $? = 0
cannot find nm_test_var in conftest.nm
configure:7803: gcc -c -g -O2  conftest.c >&5
configure:7806: $? = 0
configure:7810: /usr/bin/nm -B conftest.o \| sed -n -e 's/^.*[ ]\([BCDEGRST][BCDEGRST]*\)[ ][ ]*_\([_A-Za-z][_A-Za-z0-9]*\)$/\1 _\2 \2/p' | sed '/ __gnu_lto/d' \> conftest.nm
configure:7813: $? = 0
configure:7879: gcc -o conftest -g -O2   conftest.c conftstm.o >&5
warning: (x86_64)  could not find object file symbol for symbol _main
configure:7882: $? = 0
configure:7920: result: ok
configure:7967: checking for sysroot
configure:7997: result: no
configure:8004: checking for a working dd
configure:8042: result: /bin/dd
configure:8046: checking how to truncate binary pipes
configure:8061: result: /bin/dd bs=4096 count=1
configure:8390: checking for mt
configure:8420: result: no
configure:8440: checking if : is a manifest tool
configure:8446: : '-?'
configure:8454: result: no
configure:8510: checking for dsymutil
configure:8526: found /usr/bin/dsymutil
configure:8537: result: dsymutil
configure:8602: checking for nmedit
configure:8618: found /usr/bin/nmedit
configure:8629: result: nmedit
configure:8694: checking for lipo
configure:8710: found /usr/bin/lipo
configure:8721: result: lipo
configure:8786: checking for otool
configure:8802: found /usr/bin/otool
configure:8813: result: otool
configure:8878: checking for otool64
configure:8908: result: no
configure:8953: checking for -single_module linker flag
gcc -g -O2  -o libconftest.dylib -dynamiclib -Wl,-single_module conftest.c
configure:8986: result: yes
configure:8989: checking for -exported_symbols_list linker flag
configure:9009: gcc -o conftest -g -O2   -Wl,-exported_symbols_list,conftest.sym conftest.c  >&5
configure:9009: $? = 0
configure:9019: result: yes
configure:9022: checking for -force_load linker flag
gcc -g -O2 -c -o conftest.o conftest.c
ar cru libconftest.a conftest.o
ranlib libconftest.a
gcc -g -O2  -o conftest conftest.c -Wl,-force_load,./libconftest.a
configure:9054: result: yes
configure:9128: checking for dlfcn.h
configure:9128: gcc -c -g -O2  conftest.c >&5
configure:9128: $? = 0
configure:9128: result: yes
configure:9395: checking for objdir
configure:9410: result: .libs
configure:9674: checking if gcc supports -fno-rtti -fno-exceptions
configure:9692: gcc -c -g -O2  -fno-rtti -fno-exceptions conftest.c >&5
configure:9696: $? = 0
configure:9709: result: yes
configure:10067: checking for gcc option to produce PIC
configure:10074: result: -fno-common -DPIC
configure:10082: checking if gcc PIC flag -fno-common -DPIC works
configure:10100: gcc -c -g -O2  -fno-common -DPIC -DPIC conftest.c >&5
configure:10104: $? = 0
configure:10117: result: yes
configure:10146: checking if gcc static flag -static works
configure:10174: result: no
configure:10189: checking if gcc supports -c -o file.o
configure:10210: gcc -c -g -O2  -o out/conftest2.o conftest.c >&5
configure:10214: $? = 0
configure:10236: result: yes
configure:10244: checking if gcc supports -c -o file.o
configure:10291: result: yes
configure:10324: checking whether the gcc linker (/Applications/Xcode_11.3.1.app/Contents/Developer/Toolchains/XcodeDefault.xctoolchain/usr/bin/ld) supports shared libraries
configure:11583: result: yes
configure:11823: checking dynamic linker characteristics
configure:12641: result: darwin19.0.0 dyld
configure:12763: checking how to hardcode library paths into programs
configure:12788: result: immediate
configure:13336: checking whether stripping libraries is possible
configure:13350: result: yes
configure:13376: checking if libtool supports shared libraries
configure:13378: result: yes
configure:13381: checking whether to build shared libraries
configure:13406: result: yes
configure:13409: checking whether to build static libraries
configure:13413: result: yes
configure:13436: checking how to run the C++ preprocessor
configure:13463: g++ -E  conftest.cpp
configure:13463: $? = 0
configure:13477: g++ -E  conftest.cpp
conftest.cpp:28:10: fatal error: 'ac_nonexistent.h' file not found
#include <ac_nonexistent.h>
         ^~~~~~~~~~~~~~~~~~
1 error generated.
configure:13477: $? = 1
configure: failed program was:
| /* confdefs.h */
| #define PACKAGE_NAME "libusbmuxd"
| #define PACKAGE_TARNAME "libusbmuxd"
| #define PACKAGE_VERSION "2.0.3"
| #define PACKAGE_STRING "libusbmuxd 2.0.3"
| #define PACKAGE_BUGREPORT "https://github.com/libimobiledevice/libusbmuxd/issues"
| #define PACKAGE_URL "https://libimobiledevice.org"
| #define PACKAGE "libusbmuxd"
| #define VERSION "2.0.3"
| #define STDC_HEADERS 1
| #define HAVE_SYS_TYPES_H 1
| #define HAVE_SYS_STAT_H 1
| #define HAVE_STDLIB_H 1
| #define HAVE_STRING_H 1
| #define HAVE_MEMORY_H 1
| #define HAVE_STRINGS_H 1
| #define HAVE_INTTYPES_H 1
| #define HAVE_STDINT_H 1
| #define HAVE_UNISTD_H 1
| #define __EXTENSIONS__ 1
| #define _ALL_SOURCE 1
| #define _GNU_SOURCE 1
| #define _POSIX_PTHREAD_SEMANTICS 1
| #define _TANDEM_SOURCE 1
| #define HAVE_DLFCN_H 1
| #define LT_OBJDIR ".libs/"
| /* end confdefs.h.  */
| #include <ac_nonexistent.h>
configure:13502: result: g++ -E
configure:13522: g++ -E  conftest.cpp
configure:13522: $? = 0
configure:13536: g++ -E  conftest.cpp
conftest.cpp:28:10: fatal error: 'ac_nonexistent.h' file not found
#include <ac_nonexistent.h>
         ^~~~~~~~~~~~~~~~~~
1 error generated.
configure:13536: $? = 1
configure: failed program was:
| /* confdefs.h */
| #define PACKAGE_NAME "libusbmuxd"
| #define PACKAGE_TARNAME "libusbmuxd"
| #define PACKAGE_VERSION "2.0.3"
| #define PACKAGE_STRING "libusbmuxd 2.0.3"
| #define PACKAGE_BUGREPORT "https://github.com/libimobiledevice/libusbmuxd/issues"
| #define PACKAGE_URL "https://libimobiledevice.org"
| #define PACKAGE "libusbmuxd"
| #define VERSION "2.0.3"
| #define STDC_HEADERS 1
| #define HAVE_SYS_TYPES_H 1
| #define HAVE_SYS_STAT_H 1
| #define HAVE_STDLIB_H 1
| #define HAVE_STRING_H 1
| #define HAVE_MEMORY_H 1
| #define HAVE_STRINGS_H 1
| #define HAVE_INTTYPES_H 1
| #define HAVE_STDINT_H 1
| #define HAVE_UNISTD_H 1
| #define __EXTENSIONS__ 1
| #define _ALL_SOURCE 1
| #define _GNU_SOURCE 1
| #define _POSIX_PTHREAD_SEMANTICS 1
| #define _TANDEM_SOURCE 1
| #define HAVE_DLFCN_H 1
| #define LT_OBJDIR ".libs/"
| /* end confdefs.h.  */
| #include <ac_nonexistent.h>
configure:13698: checking for ld used by g++
configure:13765: result: /Applications/Xcode_11.3.1.app/Contents/Developer/Toolchains/XcodeDefault.xctoolchain/usr/bin/ld
configure:13772: checking if the linker (/Applications/Xcode_11.3.1.app/Contents/Developer/Toolchains/XcodeDefault.xctoolchain/usr/bin/ld) is GNU ld
configure:13787: result: no
configure:13842: checking whether the g++ linker (/Applications/Xcode_11.3.1.app/Contents/Developer/Toolchains/XcodeDefault.xctoolchain/usr/bin/ld) supports shared libraries
configure:14915: result: yes
configure:14951: g++ -c -g -O2  conftest.cpp >&5
configure:14954: $? = 0
configure:15435: checking for g++ option to produce PIC
configure:15442: result: -fno-common -DPIC
configure:15450: checking if g++ PIC flag -fno-common -DPIC works
configure:15468: g++ -c -g -O2  -fno-common -DPIC -DPIC conftest.cpp >&5
configure:15472: $? = 0
configure:15485: result: yes
configure:15508: checking if g++ static flag -static works
configure:15536: result: no
configure:15548: checking if g++ supports -c -o file.o
configure:15569: g++ -c -g -O2  -o out/conftest2.o conftest.cpp >&5
configure:15573: $? = 0
configure:15595: result: yes
configure:15600: checking if g++ supports -c -o file.o
configure:15647: result: yes
configure:15677: checking whether the g++ linker (/Applications/Xcode_11.3.1.app/Contents/Developer/Toolchains/XcodeDefault.xctoolchain/usr/bin/ld) supports shared libraries
configure:15717: result: yes
configure:15858: checking dynamic linker characteristics
configure:16603: result: darwin19.0.0 dyld
configure:16668: checking how to hardcode library paths into programs
configure:16693: result: immediate
configure:16810: checking for pkg-config
configure:16828: found /usr/local/bin/pkg-config
configure:16840: result: /usr/local/bin/pkg-config
configure:16865: checking pkg-config is at least version 0.9.0
configure:16868: result: yes
configure:16878: checking for libplist-2.0 >= 2.2.0
configure:16885: $PKG_CONFIG --exists --print-errors "libplist-2.0 >= $LIBPLIST_VERSION"
configure:16888: $? = 0
configure:16902: $PKG_CONFIG --exists --print-errors "libplist-2.0 >= $LIBPLIST_VERSION"
configure:16905: $? = 0
configure:16963: result: yes
configure:16969: checking sys/inotify.h usability
configure:16969: gcc -c -g -O2  conftest.c >&5
conftest.c:61:10: fatal error: 'sys/inotify.h' file not found
#include <sys/inotify.h>
         ^~~~~~~~~~~~~~~
1 error generated.
configure:16969: $? = 1
configure: failed program was:
| /* confdefs.h */
| #define PACKAGE_NAME "libusbmuxd"
| #define PACKAGE_TARNAME "libusbmuxd"
| #define PACKAGE_VERSION "2.0.3"
| #define PACKAGE_STRING "libusbmuxd 2.0.3"
| #define PACKAGE_BUGREPORT "https://github.com/libimobiledevice/libusbmuxd/issues"
| #define PACKAGE_URL "https://libimobiledevice.org"
| #define PACKAGE "libusbmuxd"
| #define VERSION "2.0.3"
| #define STDC_HEADERS 1
| #define HAVE_SYS_TYPES_H 1
| #define HAVE_SYS_STAT_H 1
| #define HAVE_STDLIB_H 1
| #define HAVE_STRING_H 1
| #define HAVE_MEMORY_H 1
| #define HAVE_STRINGS_H 1
| #define HAVE_INTTYPES_H 1
| #define HAVE_STDINT_H 1
| #define HAVE_UNISTD_H 1
| #define __EXTENSIONS__ 1
| #define _ALL_SOURCE 1
| #define _GNU_SOURCE 1
| #define _POSIX_PTHREAD_SEMANTICS 1
| #define _TANDEM_SOURCE 1
| #define HAVE_DLFCN_H 1
| #define LT_OBJDIR ".libs/"
| /* end confdefs.h.  */
| #include <stdio.h>
| #ifdef HAVE_SYS_TYPES_H
| # include <sys/types.h>
| #endif
| #ifdef HAVE_SYS_STAT_H
| # include <sys/stat.h>
| #endif
| #ifdef STDC_HEADERS
| # include <stdlib.h>
| # include <stddef.h>
| #else
| # ifdef HAVE_STDLIB_H
| #  include <stdlib.h>
| # endif
| #endif
| #ifdef HAVE_STRING_H
| # if !defined STDC_HEADERS && defined HAVE_MEMORY_H
| #  include <memory.h>
| # endif
| # include <string.h>
| #endif
| #ifdef HAVE_STRINGS_H
| # include <strings.h>
| #endif
| #ifdef HAVE_INTTYPES_H
| # include <inttypes.h>
| #endif
| #ifdef HAVE_STDINT_H
| # include <stdint.h>
| #endif
| #ifdef HAVE_UNISTD_H
| # include <unistd.h>
| #endif
| #include <sys/inotify.h>
configure:16969: result: no
configure:16969: checking sys/inotify.h presence
configure:16969: gcc -E  conftest.c
conftest.c:28:10: fatal error: 'sys/inotify.h' file not found
#include <sys/inotify.h>
         ^~~~~~~~~~~~~~~
1 error generated.
configure:16969: $? = 1
configure: failed program was:
| /* confdefs.h */
| #define PACKAGE_NAME "libusbmuxd"
| #define PACKAGE_TARNAME "libusbmuxd"
| #define PACKAGE_VERSION "2.0.3"
| #define PACKAGE_STRING "libusbmuxd 2.0.3"
| #define PACKAGE_BUGREPORT "https://github.com/libimobiledevice/libusbmuxd/issues"
| #define PACKAGE_URL "https://libimobiledevice.org"
| #define PACKAGE "libusbmuxd"
| #define VERSION "2.0.3"
| #define STDC_HEADERS 1
| #define HAVE_SYS_TYPES_H 1
| #define HAVE_SYS_STAT_H 1
| #define HAVE_STDLIB_H 1
| #define HAVE_STRING_H 1
| #define HAVE_MEMORY_H 1
| #define HAVE_STRINGS_H 1
| #define HAVE_INTTYPES_H 1
| #define HAVE_STDINT_H 1
| #define HAVE_UNISTD_H 1
| #define __EXTENSIONS__ 1
| #define _ALL_SOURCE 1
| #define _GNU_SOURCE 1
| #define _POSIX_PTHREAD_SEMANTICS 1
| #define _TANDEM_SOURCE 1
| #define HAVE_DLFCN_H 1
| #define LT_OBJDIR ".libs/"
| /* end confdefs.h.  */
| #include <sys/inotify.h>
configure:16969: result: no
configure:16969: checking for sys/inotify.h
configure:16969: result: no
configure:17003: checking for ANSI C header files
configure:17107: result: yes
configure:17118: checking for stdint.h
configure:17118: result: yes
configure:17118: checking for stdlib.h
configure:17118: result: yes
configure:17118: checking for string.h
configure:17118: result: yes
configure:17130: checking for an ANSI C-conforming const
configure:17196: gcc -c -g -O2  conftest.c >&5
configure:17196: $? = 0
configure:17203: result: yes
configure:17211: checking for size_t
configure:17211: gcc -c -g -O2  conftest.c >&5
configure:17211: $? = 0
configure:17211: gcc -c -g -O2  conftest.c >&5
conftest.c:68:21: error: expected expression
if (sizeof ((size_t)))
                    ^
1 error generated.
configure:17211: $? = 1
configure: failed program was:
| /* confdefs.h */
| #define PACKAGE_NAME "libusbmuxd"
| #define PACKAGE_TARNAME "libusbmuxd"
| #define PACKAGE_VERSION "2.0.3"
| #define PACKAGE_STRING "libusbmuxd 2.0.3"
| #define PACKAGE_BUGREPORT "https://github.com/libimobiledevice/libusbmuxd/issues"
| #define PACKAGE_URL "https://libimobiledevice.org"
| #define PACKAGE "libusbmuxd"
| #define VERSION "2.0.3"
| #define STDC_HEADERS 1
| #define HAVE_SYS_TYPES_H 1
| #define HAVE_SYS_STAT_H 1
| #define HAVE_STDLIB_H 1
| #define HAVE_STRING_H 1
| #define HAVE_MEMORY_H 1
| #define HAVE_STRINGS_H 1
| #define HAVE_INTTYPES_H 1
| #define HAVE_STDINT_H 1
| #define HAVE_UNISTD_H 1
| #define __EXTENSIONS__ 1
| #define _ALL_SOURCE 1
| #define _GNU_SOURCE 1
| #define _POSIX_PTHREAD_SEMANTICS 1
| #define _TANDEM_SOURCE 1
| #define HAVE_DLFCN_H 1
| #define LT_OBJDIR ".libs/"
| #define STDC_HEADERS 1
| #define HAVE_STDINT_H 1
| #define HAVE_STDLIB_H 1
| #define HAVE_STRING_H 1
| /* end confdefs.h.  */
| #include <stdio.h>
| #ifdef HAVE_SYS_TYPES_H
| # include <sys/types.h>
| #endif
| #ifdef HAVE_SYS_STAT_H
| # include <sys/stat.h>
| #endif
| #ifdef STDC_HEADERS
| # include <stdlib.h>
| # include <stddef.h>
| #else
| # ifdef HAVE_STDLIB_H
| #  include <stdlib.h>
| # endif
| #endif
| #ifdef HAVE_STRING_H
| # if !defined STDC_HEADERS && defined HAVE_MEMORY_H
| #  include <memory.h>
| # endif
| # include <string.h>
| #endif
| #ifdef HAVE_STRINGS_H
| # include <strings.h>
| #endif
| #ifdef HAVE_INTTYPES_H
| # include <inttypes.h>
| #endif
| #ifdef HAVE_STDINT_H
| # include <stdint.h>
| #endif
| #ifdef HAVE_UNISTD_H
| # include <unistd.h>
| #endif
| int
| main ()
| {
| if (sizeof ((size_t)))
| 	    return 0;
|   ;
|   return 0;
| }
configure:17211: result: yes
configure:17222: checking for ssize_t
configure:17222: gcc -c -g -O2  conftest.c >&5
configure:17222: $? = 0
configure:17222: gcc -c -g -O2  conftest.c >&5
conftest.c:68:22: error: expected expression
if (sizeof ((ssize_t)))
                     ^
1 error generated.
configure:17222: $? = 1
configure: failed program was:
| /* confdefs.h */
| #define PACKAGE_NAME "libusbmuxd"
| #define PACKAGE_TARNAME "libusbmuxd"
| #define PACKAGE_VERSION "2.0.3"
| #define PACKAGE_STRING "libusbmuxd 2.0.3"
| #define PACKAGE_BUGREPORT "https://github.com/libimobiledevice/libusbmuxd/issues"
| #define PACKAGE_URL "https://libimobiledevice.org"
| #define PACKAGE "libusbmuxd"
| #define VERSION "2.0.3"
| #define STDC_HEADERS 1
| #define HAVE_SYS_TYPES_H 1
| #define HAVE_SYS_STAT_H 1
| #define HAVE_STDLIB_H 1
| #define HAVE_STRING_H 1
| #define HAVE_MEMORY_H 1
| #define HAVE_STRINGS_H 1
| #define HAVE_INTTYPES_H 1
| #define HAVE_STDINT_H 1
| #define HAVE_UNISTD_H 1
| #define __EXTENSIONS__ 1
| #define _ALL_SOURCE 1
| #define _GNU_SOURCE 1
| #define _POSIX_PTHREAD_SEMANTICS 1
| #define _TANDEM_SOURCE 1
| #define HAVE_DLFCN_H 1
| #define LT_OBJDIR ".libs/"
| #define STDC_HEADERS 1
| #define HAVE_STDINT_H 1
| #define HAVE_STDLIB_H 1
| #define HAVE_STRING_H 1
| /* end confdefs.h.  */
| #include <stdio.h>
| #ifdef HAVE_SYS_TYPES_H
| # include <sys/types.h>
| #endif
| #ifdef HAVE_SYS_STAT_H
| # include <sys/stat.h>
| #endif
| #ifdef STDC_HEADERS
| # include <stdlib.h>
| # include <stddef.h>
| #else
| # ifdef HAVE_STDLIB_H
| #  include <stdlib.h>
| # endif
| #endif
| #ifdef HAVE_STRING_H
| # if !defined STDC_HEADERS && defined HAVE_MEMORY_H
| #  include <memory.h>
| # endif
| # include <string.h>
| #endif
| #ifdef HAVE_STRINGS_H
| # include <strings.h>
| #endif
| #ifdef HAVE_INTTYPES_H
| # include <inttypes.h>
| #endif
| #ifdef HAVE_STDINT_H
| # include <stdint.h>
| #endif
| #ifdef HAVE_UNISTD_H
| # include <unistd.h>
| #endif
| int
| main ()
| {
| if (sizeof ((ssize_t)))
| 	    return 0;
|   ;
|   return 0;
| }
configure:17222: result: yes
configure:17233: checking for uint16_t
configure:17233: gcc -c -g -O2  conftest.c >&5
configure:17233: $? = 0
configure:17233: result: yes
configure:17245: checking for uint32_t
configure:17245: gcc -c -g -O2  conftest.c >&5
configure:17245: $? = 0
configure:17245: result: yes
configure:17259: checking for uint8_t
configure:17259: gcc -c -g -O2  conftest.c >&5
configure:17259: $? = 0
configure:17259: result: yes
configure:17278: checking for strcasecmp
configure:17278: gcc -o conftest -g -O2   conftest.c  >&5
conftest.c:55:6: warning: incompatible redeclaration of library function 'strcasecmp' [-Wincompatible-library-redeclaration]
char strcasecmp ();
     ^
conftest.c:55:6: note: 'strcasecmp' is a builtin with type 'int (const char *, const char *)'
1 warning generated.
configure:17278: $? = 0
configure:17278: result: yes
configure:17278: checking for strdup
configure:17278: gcc -o conftest -g -O2   conftest.c  >&5
conftest.c:56:6: warning: incompatible redeclaration of library function 'strdup' [-Wincompatible-library-redeclaration]
char strdup ();
     ^
conftest.c:56:6: note: 'strdup' is a builtin with type 'char *(const char *)'
1 warning generated.
configure:17278: $? = 0
configure:17278: result: yes
configure:17278: checking for strerror
configure:17278: gcc -o conftest -g -O2   conftest.c  >&5
conftest.c:57:6: warning: incompatible redeclaration of library function 'strerror' [-Wincompatible-library-redeclaration]
char strerror ();
     ^
conftest.c:57:6: note: 'strerror' is a builtin with type 'char *(int)'
1 warning generated.
configure:17278: $? = 0
configure:17278: result: yes
configure:17278: checking for stpncpy
configure:17278: gcc -o conftest -g -O2   conftest.c  >&5
conftest.c:58:6: warning: incompatible redeclaration of library function 'stpncpy' [-Wincompatible-library-redeclaration]
char stpncpy ();
     ^
conftest.c:58:6: note: 'stpncpy' is a builtin with type 'char *(char *, const char *, unsigned long)'
1 warning generated.
configure:17278: $? = 0
configure:17278: result: yes
configure:17278: checking for sleep
configure:17278: gcc -o conftest -g -O2   conftest.c  >&5
configure:17278: $? = 0
configure:17278: result: yes
configure:17278: checking for malloc
configure:17278: gcc -o conftest -g -O2   conftest.c  >&5
conftest.c:60:6: warning: incompatible redeclaration of library function 'malloc' [-Wincompatible-library-redeclaration]
char malloc ();
     ^
conftest.c:60:6: note: 'malloc' is a builtin with type 'void *(unsigned long)'
1 warning generated.
configure:17278: $? = 0
configure:17278: result: yes
configure:17278: checking for realloc
configure:17278: gcc -o conftest -g -O2   conftest.c  >&5
conftest.c:61:6: warning: incompatible redeclaration of library function 'realloc' [-Wincompatible-library-redeclaration]
char realloc ();
     ^
conftest.c:61:6: note: 'realloc' is a builtin with type 'void *(void *, unsigned long)'
1 warning generated.
configure:17278: $? = 0
configure:17278: result: yes
configure:17289: checking for platform-specific build settings
configure:17301: result: darwin19.0.0
configure:17486: checking whether gcc is Clang
configure:17511: result: yes
configure:17558: checking whether Clang needs flag to prevent "argument unused" warning when linking with -pthread
configure:17583: gcc -o conftest -Werror -Wunknown-warning-option  -pthread -g -O2   conftest.c  >&5
configure:17583: $? = 0
configure:17589: (gcc -c -Werror -Wunknown-warning-option  -pthread -g -O2  conftest.c >&5) && (echo ==== >&5) && (gcc -o conftest -Werror -Wunknown-warning-option  -pthread -g -O2   conftest.o  >&5)
====
configure:17589: $? = 0
configure:17607: result: no
configure:17756: checking for joinable pthread attribute
configure:17774: gcc -o conftest -g -O2 -pthread   conftest.c   >&5
configure:17774: $? = 0
configure:17782: result: PTHREAD_CREATE_JOINABLE
configure:17796: checking whether more special flags are required for pthreads
configure:17809: result: no
configure:17817: checking for PTHREAD_PRIO_INHERIT
configure:17833: gcc -o conftest -g -O2 -pthread   conftest.c   >&5
configure:17833: $? = 0
configure:17842: result: yes
configure:17946: checking for pthread_cancel
configure:17946: gcc -o conftest -g -O2   conftest.c  >&5
configure:17946: $? = 0
configure:17946: result: yes
configure:18744: checking for supported compiler flags
configure:18761: gcc -c -g -O2 -Wall  conftest.c >&5
configure:18761: $? = 0
configure:18761: gcc -c -g -O2 -Wextra  conftest.c >&5
configure:18761: $? = 0
configure:18761: gcc -c -g -O2 -Wmissing-declarations  conftest.c >&5
configure:18761: $? = 0
configure:18761: gcc -c -g -O2 -Wredundant-decls  conftest.c >&5
configure:18761: $? = 0
configure:18761: gcc -c -g -O2 -Wshadow  conftest.c >&5
configure:18761: $? = 0
configure:18761: gcc -c -g -O2 -Wpointer-arith  conftest.c >&5
configure:18761: $? = 0
configure:18761: gcc -c -g -O2 -Wwrite-strings  conftest.c >&5
configure:18761: $? = 0
configure:18761: gcc -c -g -O2 -Wswitch-default  conftest.c >&5
configure:18761: $? = 0
configure:18761: gcc -c -g -O2 -Wno-unused-parameter  conftest.c >&5
configure:18761: $? = 0
configure:18761: gcc -c -g -O2 -fvisibility=hidden  conftest.c >&5
configure:18761: $? = 0
configure:18761: gcc -c -g -O2 -pthread  conftest.c >&5
configure:18761: $? = 0
configure:18775: result:  -Wall -Wextra -Wmissing-declarations -Wredundant-decls -Wshadow -Wpointer-arith -Wwrite-strings -Wswitch-default -Wno-unused-parameter -fvisibility=hidden -pthread
configure:18805: checking whether make supports nested variables
configure:18822: result: yes
configure:18945: checking that generated files are newer than configure
configure:18951: result: done
configure:18986: creating ./config.status

## ---------------------- ##
## Running config.status. ##
## ---------------------- ##

This file was extended by libusbmuxd config.status 2.0.3, which was
generated by GNU Autoconf 2.69.  Invocation command line was

  CONFIG_FILES    = 
  CONFIG_HEADERS  = 
  CONFIG_LINKS    = 
  CONFIG_COMMANDS = 
  $ ./config.status 

on private-test-Catalina

config.status:1186: creating Makefile
config.status:1186: creating common/Makefile
config.status:1186: creating src/Makefile
config.status:1186: creating include/Makefile
config.status:1186: creating tools/Makefile
config.status:1186: creating docs/Makefile
config.status:1186: creating src/libusbmuxd-2.0.pc
config.status:1186: creating config.h
config.status:1367: config.h is unchanged
config.status:1415: executing depfiles commands
config.status:1492: cd common       && sed -e '/# am--include-marker/d' Makefile         | make -f - am--depfiles
make: Nothing to be done for `am--depfiles'.
config.status:1497: $? = 0
config.status:1492: cd src       && sed -e '/# am--include-marker/d' Makefile         | make -f - am--depfiles
make: Nothing to be done for `am--depfiles'.
config.status:1497: $? = 0
config.status:1492: cd tools       && sed -e '/# am--include-marker/d' Makefile         | make -f - am--depfiles
make: Nothing to be done for `am--depfiles'.
config.status:1497: $? = 0
config.status:1415: executing libtool commands

## ---------------- ##
## Cache variables. ##
## ---------------- ##

ac_cv_build=x86_64-apple-darwin19.0.0
ac_cv_c_compiler_gnu=yes
ac_cv_c_const=yes
ac_cv_c_uint16_t=yes
ac_cv_c_uint32_t=yes
ac_cv_c_uint8_t=yes
ac_cv_cxx_compiler_gnu=yes
ac_cv_env_CCC_set=
ac_cv_env_CCC_value=
ac_cv_env_CC_set=
ac_cv_env_CC_value=
ac_cv_env_CFLAGS_set=
ac_cv_env_CFLAGS_value=
ac_cv_env_CPPFLAGS_set=
ac_cv_env_CPPFLAGS_value=
ac_cv_env_CPP_set=
ac_cv_env_CPP_value=
ac_cv_env_CXXCPP_set=
ac_cv_env_CXXCPP_value=
ac_cv_env_CXXFLAGS_set=
ac_cv_env_CXXFLAGS_value=
ac_cv_env_CXX_set=
ac_cv_env_CXX_value=
ac_cv_env_LDFLAGS_set=
ac_cv_env_LDFLAGS_value=
ac_cv_env_LIBS_set=
ac_cv_env_LIBS_value=
ac_cv_env_LT_SYS_LIBRARY_PATH_set=
ac_cv_env_LT_SYS_LIBRARY_PATH_value=
ac_cv_env_PKG_CONFIG_LIBDIR_set=
ac_cv_env_PKG_CONFIG_LIBDIR_value=
ac_cv_env_PKG_CONFIG_PATH_set=set
ac_cv_env_PKG_CONFIG_PATH_value=/usr/local/opt/openssl@1.1/lib/pkgconfig
ac_cv_env_PKG_CONFIG_set=
ac_cv_env_PKG_CONFIG_value=
ac_cv_env_build_alias_set=
ac_cv_env_build_alias_value=
ac_cv_env_host_alias_set=
ac_cv_env_host_alias_value=
ac_cv_env_libplist_CFLAGS_set=
ac_cv_env_libplist_CFLAGS_value=
ac_cv_env_libplist_LIBS_set=
ac_cv_env_libplist_LIBS_value=
ac_cv_env_target_alias_set=
ac_cv_env_target_alias_value=
ac_cv_func_malloc=yes
ac_cv_func_pthread_cancel=yes
ac_cv_func_realloc=yes
ac_cv_func_sleep=yes
ac_cv_func_stpncpy=yes
ac_cv_func_strcasecmp=yes
ac_cv_func_strdup=yes
ac_cv_func_strerror=yes
ac_cv_header_dlfcn_h=yes
ac_cv_header_inttypes_h=yes
ac_cv_header_memory_h=yes
ac_cv_header_minix_config_h=no
ac_cv_header_stdc=yes
ac_cv_header_stdint_h=yes
ac_cv_header_stdlib_h=yes
ac_cv_header_string_h=yes
ac_cv_header_strings_h=yes
ac_cv_header_sys_inotify_h=no
ac_cv_header_sys_stat_h=yes
ac_cv_header_sys_types_h=yes
ac_cv_header_unistd_h=yes
ac_cv_host=x86_64-apple-darwin19.0.0
ac_cv_objext=o
ac_cv_path_EGREP='/usr/bin/grep -E'
ac_cv_path_FGREP='/usr/bin/grep -F'
ac_cv_path_GREP=/usr/bin/grep
ac_cv_path_SED=/usr/bin/sed
ac_cv_path_ac_pt_PKG_CONFIG=/usr/local/bin/pkg-config
ac_cv_path_install='/usr/local/bin/ginstall -c'
ac_cv_path_lt_DD=/bin/dd
ac_cv_path_mkdir=/usr/local/bin/gmkdir
ac_cv_prog_AWK=awk
ac_cv_prog_CPP='gcc -E'
ac_cv_prog_CXXCPP='g++ -E'
ac_cv_prog_ac_ct_AR=ar
ac_cv_prog_ac_ct_CC=gcc
ac_cv_prog_ac_ct_CXX=g++
ac_cv_prog_ac_ct_DSYMUTIL=dsymutil
ac_cv_prog_ac_ct_LIPO=lipo
ac_cv_prog_ac_ct_NMEDIT=nmedit
ac_cv_prog_ac_ct_OBJDUMP=objdump
ac_cv_prog_ac_ct_OTOOL=otool
ac_cv_prog_ac_ct_RANLIB=ranlib
ac_cv_prog_ac_ct_STRIP=strip
ac_cv_prog_cc_c89=
ac_cv_prog_cc_g=yes
ac_cv_prog_cxx_g=yes
ac_cv_prog_make_make_set=yes
ac_cv_safe_to_define___extensions__=yes
ac_cv_type_size_t=yes
ac_cv_type_ssize_t=yes
am_cv_CC_dependencies_compiler_type=gcc3
am_cv_CXX_dependencies_compiler_type=gcc3
am_cv_make_support_nested_variables=yes
am_cv_prog_cc_c_o=yes
ax_cv_PTHREAD_CLANG=yes
ax_cv_PTHREAD_CLANG_NO_WARN_FLAG=no
ax_cv_PTHREAD_JOINABLE_ATTR=PTHREAD_CREATE_JOINABLE
ax_cv_PTHREAD_PRIO_INHERIT=yes
ax_cv_PTHREAD_SPECIAL_FLAGS=no
lt_cv_apple_cc_single_mod=yes
lt_cv_ar_at_file=no
lt_cv_deplibs_check_method=pass_all
lt_cv_file_magic_cmd='$MAGIC_CMD'
lt_cv_file_magic_test_file=
lt_cv_ld_exported_symbols_list=yes
lt_cv_ld_force_load=yes
lt_cv_ld_reload_flag=-r
lt_cv_nm_interface='BSD nm'
lt_cv_objdir=.libs
lt_cv_path_LD=/Applications/Xcode_11.3.1.app/Contents/Developer/Toolchains/XcodeDefault.xctoolchain/usr/bin/ld
lt_cv_path_LDCXX=/Applications/Xcode_11.3.1.app/Contents/Developer/Toolchains/XcodeDefault.xctoolchain/usr/bin/ld
lt_cv_path_NM='/usr/bin/nm -B'
lt_cv_path_mainfest_tool=no
lt_cv_prog_compiler_c_o=yes
lt_cv_prog_compiler_c_o_CXX=yes
lt_cv_prog_compiler_pic='-fno-common -DPIC'
lt_cv_prog_compiler_pic_CXX='-fno-common -DPIC'
lt_cv_prog_compiler_pic_works=yes
lt_cv_prog_compiler_pic_works_CXX=yes
lt_cv_prog_compiler_rtti_exceptions=yes
lt_cv_prog_compiler_static_works=no
lt_cv_prog_compiler_static_works_CXX=no
lt_cv_prog_gnu_ld=no
lt_cv_prog_gnu_ldcxx=no
lt_cv_sharedlib_from_linklib_cmd='printf %s\n'
lt_cv_sys_global_symbol_pipe='sed -n -e '\''s/^.*[	 ]\([BCDEGRST][BCDEGRST]*\)[	 ][	 ]*_\([_A-Za-z][_A-Za-z0-9]*\)$/\1 _\2 \2/p'\'' | sed '\''/ __gnu_lto/d'\'''
lt_cv_sys_global_symbol_to_c_name_address='sed -n -e '\''s/^: \(.*\) .*$/  {"\1", (void *) 0},/p'\'' -e '\''s/^[BCDEGRST][BCDEGRST]* .* \(.*\)$/  {"\1", (void *) \&\1},/p'\'''
lt_cv_sys_global_symbol_to_c_name_address_lib_prefix='sed -n -e '\''s/^: \(.*\) .*$/  {"\1", (void *) 0},/p'\'' -e '\''s/^[BCDEGRST][BCDEGRST]* .* \(lib.*\)$/  {"\1", (void *) \&\1},/p'\'' -e '\''s/^[BCDEGRST][BCDEGRST]* .* \(.*\)$/  {"lib\1", (void *) \&\1},/p'\'''
lt_cv_sys_global_symbol_to_cdecl='sed -n -e '\''s/^T .* \(.*\)$/extern int \1();/p'\'' -e '\''s/^[BCDEGRST][BCDEGRST]* .* \(.*\)$/extern char \1;/p'\'''
lt_cv_sys_global_symbol_to_import=
lt_cv_sys_max_cmd_len=196608
lt_cv_to_host_file_cmd=func_convert_file_noop
lt_cv_to_tool_file_cmd=func_convert_file_noop
lt_cv_truncate_bin='/bin/dd bs=4096 count=1'
pkg_cv_libplist_CFLAGS=-I/usr/local/include
pkg_cv_libplist_LIBS='-L/usr/local/lib -lplist-2.0'

## ----------------- ##
## Output variables. ##
## ----------------- ##

ACLOCAL='${SHELL} /Users/radmin/masterlib/libusbmuxd/missing aclocal-1.16'
AMDEPBACKSLASH='\'
AMDEP_FALSE='#'
AMDEP_TRUE=''
AMTAR='$${TAR-tar}'
AM_BACKSLASH='\'
AM_DEFAULT_V='$(AM_DEFAULT_VERBOSITY)'
AM_DEFAULT_VERBOSITY='0'
AM_V='$(V)'
AR='ar'
AUTOCONF='${SHELL} /Users/radmin/masterlib/libusbmuxd/missing autoconf'
AUTOHEADER='${SHELL} /Users/radmin/masterlib/libusbmuxd/missing autoheader'
AUTOMAKE='${SHELL} /Users/radmin/masterlib/libusbmuxd/missing automake-1.16'
AWK='awk'
CC='gcc'
CCDEPMODE='depmode=gcc3'
CFLAGS='-g -O2'
CPP='gcc -E'
CPPFLAGS=''
CXX='g++'
CXXCPP='g++ -E'
CXXDEPMODE='depmode=gcc3'
CXXFLAGS='-g -O2'
CYGPATH_W='echo'
DEFS='-DHAVE_CONFIG_H'
DEPDIR='.deps'
DLLTOOL='false'
DSYMUTIL='dsymutil'
DUMPBIN=''
ECHO_C='\c'
ECHO_N=''
ECHO_T=''
EGREP='/usr/bin/grep -E'
EXEEXT=''
FGREP='/usr/bin/grep -F'
GLOBAL_CFLAGS='  -Wall -Wextra -Wmissing-declarations -Wredundant-decls -Wshadow -Wpointer-arith -Wwrite-strings -Wswitch-default -Wno-unused-parameter -fvisibility=hidden -pthread'
GLOBAL_LDFLAGS=''
GREP='/usr/bin/grep'
INSTALL_DATA='${INSTALL} -m 644'
INSTALL_PROGRAM='${INSTALL}'
INSTALL_SCRIPT='${INSTALL}'
INSTALL_STRIP_PROGRAM='$(install_sh) -c -s'
LD='/Applications/Xcode_11.3.1.app/Contents/Developer/Toolchains/XcodeDefault.xctoolchain/usr/bin/ld'
LDFLAGS=''
LIBOBJS=''
LIBPLIST_VERSION='2.2.0'
LIBS=''
LIBTOOL='$(SHELL) $(top_builddir)/libtool'
LIBUSBMUXD_SO_VERSION='6:0:0'
LIPO='lipo'
LN_S='ln -s'
LTLIBOBJS=''
LT_SYS_LIBRARY_PATH=''
MAKEINFO='${SHELL} /Users/radmin/masterlib/libusbmuxd/missing makeinfo'
MANIFEST_TOOL=':'
MKDIR_P='/usr/local/bin/gmkdir -p'
NM='/usr/bin/nm -B'
NMEDIT='nmedit'
OBJDUMP='objdump'
OBJEXT='o'
OTOOL64=':'
OTOOL='otool'
PACKAGE='libusbmuxd'
PACKAGE_BUGREPORT='https://github.com/libimobiledevice/libusbmuxd/issues'
PACKAGE_NAME='libusbmuxd'
PACKAGE_STRING='libusbmuxd 2.0.3'
PACKAGE_TARNAME='libusbmuxd'
PACKAGE_URL='https://libimobiledevice.org'
PACKAGE_VERSION='2.0.3'
PATH_SEPARATOR=':'
PKG_CONFIG='/usr/local/bin/pkg-config'
PKG_CONFIG_LIBDIR=''
PKG_CONFIG_PATH='/usr/local/opt/openssl@1.1/lib/pkgconfig'
PTHREAD_CC='gcc'
PTHREAD_CFLAGS='-pthread'
PTHREAD_LIBS=''
RANLIB='ranlib'
SED='/usr/bin/sed'
SET_MAKE=''
SHELL='/bin/sh'
STRIP='strip'
VERSION='2.0.3'
WIN32_FALSE=''
WIN32_TRUE='#'
ac_ct_AR='ar'
ac_ct_CC='gcc'
ac_ct_CXX='g++'
ac_ct_DUMPBIN=''
am__EXEEXT_FALSE=''
am__EXEEXT_TRUE='#'
am__fastdepCC_FALSE='#'
am__fastdepCC_TRUE=''
am__fastdepCXX_FALSE='#'
am__fastdepCXX_TRUE=''
am__include='include'
am__isrc=''
am__leading_dot='.'
am__nodep='_no'
am__quote=''
am__tar='$${TAR-tar} chof - "$$tardir"'
am__untar='$${TAR-tar} xf -'
ax_pthread_config=''
bindir='${exec_prefix}/bin'
build='x86_64-apple-darwin19.0.0'
build_alias=''
build_cpu='x86_64'
build_os='darwin19.0.0'
build_vendor='apple'
datadir='${datarootdir}'
datarootdir='${prefix}/share'
docdir='${datarootdir}/doc/${PACKAGE_TARNAME}'
dvidir='${docdir}'
exec_prefix='${prefix}'
host='x86_64-apple-darwin19.0.0'
host_alias=''
host_cpu='x86_64'
host_os='darwin19.0.0'
host_vendor='apple'
htmldir='${docdir}'
includedir='${prefix}/include'
infodir='${datarootdir}/info'
install_sh='${SHELL} /Users/radmin/masterlib/libusbmuxd/install-sh'
libdir='${exec_prefix}/lib'
libexecdir='${exec_prefix}/libexec'
libplist_CFLAGS='-I/usr/local/include'
libplist_LIBS='-L/usr/local/lib -lplist-2.0'
localedir='${datarootdir}/locale'
localstatedir='${prefix}/var'
mandir='${datarootdir}/man'
mkdir_p='$(MKDIR_P)'
oldincludedir='/usr/include'
pdfdir='${docdir}'
prefix='/usr/local'
program_transform_name='s,x,x,'
psdir='${docdir}'
sbindir='${exec_prefix}/sbin'
sharedstatedir='${prefix}/com'
sysconfdir='${prefix}/etc'
target_alias=''

## ----------- ##
## confdefs.h. ##
## ----------- ##

/* confdefs.h */
#define PACKAGE_NAME "libusbmuxd"
#define PACKAGE_TARNAME "libusbmuxd"
#define PACKAGE_VERSION "2.0.3"
#define PACKAGE_STRING "libusbmuxd 2.0.3"
#define PACKAGE_BUGREPORT "https://github.com/libimobiledevice/libusbmuxd/issues"
#define PACKAGE_URL "https://libimobiledevice.org"
#define PACKAGE "libusbmuxd"
#define VERSION "2.0.3"
#define STDC_HEADERS 1
#define HAVE_SYS_TYPES_H 1
#define HAVE_SYS_STAT_H 1
#define HAVE_STDLIB_H 1
#define HAVE_STRING_H 1
#define HAVE_MEMORY_H 1
#define HAVE_STRINGS_H 1
#define HAVE_INTTYPES_H 1
#define HAVE_STDINT_H 1
#define HAVE_UNISTD_H 1
#define __EXTENSIONS__ 1
#define _ALL_SOURCE 1
#define _GNU_SOURCE 1
#define _POSIX_PTHREAD_SEMANTICS 1
#define _TANDEM_SOURCE 1
#define HAVE_DLFCN_H 1
#define LT_OBJDIR ".libs/"
#define STDC_HEADERS 1
#define HAVE_STDINT_H 1
#define HAVE_STDLIB_H 1
#define HAVE_STRING_H 1
#define HAVE_STRCASECMP 1
#define HAVE_STRDUP 1
#define HAVE_STRERROR 1
#define HAVE_STPNCPY 1
#define HAVE_SLEEP 1
#define HAVE_MALLOC 1
#define HAVE_REALLOC 1
#define HAVE_PTHREAD_PRIO_INHERIT 1
#define HAVE_PTHREAD 1
#define HAVE_PTHREAD_CANCEL 1
#define HAVE_FVISIBILITY 1

configure: exit 0
